Defaulting to user installation because normal site-packages is not writeable
Collecting fastapi==0.115.0 (from -r requirements.txt (line 2))
  Using cached fastapi-0.115.0-py3-none-any.whl.metadata (27 kB)
Collecting uvicorn==0.30.6 (from uvicorn[standard]==0.30.6->-r requirements.txt (line 3))
  Using cached uvicorn-0.30.6-py3-none-any.whl.metadata (6.6 kB)
Collecting motor==3.5.1 (from -r requirements.txt (line 4))
  Using cached motor-3.5.1-py3-none-any.whl.metadata (21 kB)
Collecting pymongo==4.8.0 (from -r requirements.txt (line 5))
  Using cached pymongo-4.8.0.tar.gz (1.5 MB)
  Installing build dependencies: started
  Installing build dependencies: finished with status 'done'
  Getting requirements to build wheel: started
  Getting requirements to build wheel: finished with status 'done'
  Preparing metadata (pyproject.toml): started
  Preparing metadata (pyproject.toml): finished with status 'done'
Collecting pydantic==2.9.2 (from -r requirements.txt (line 6))
  Using cached pydantic-2.9.2-py3-none-any.whl.metadata (149 kB)
Collecting email-validator==2.2.0 (from -r requirements.txt (line 8))
  Using cached email_validator-2.2.0-py3-none-any.whl.metadata (25 kB)
Collecting pydantic-settings==2.5.2 (from -r requirements.txt (line 9))
  Using cached pydantic_settings-2.5.2-py3-none-any.whl.metadata (3.5 kB)
Collecting python-dotenv==1.0.1 (from -r requirements.txt (line 10))
  Using cached python_dotenv-1.0.1-py3-none-any.whl.metadata (23 kB)
Collecting cryptography==43.0.1 (from -r requirements.txt (line 11))
  Using cached cryptography-43.0.1-cp39-abi3-win_amd64.whl.metadata (5.4 kB)
Collecting python-nmap==0.7.1 (from -r requirements.txt (line 12))
  Using cached python-nmap-0.7.1.tar.gz (44 kB)
  Installing build dependencies: started
  Installing build dependencies: finished with status 'done'
  Getting requirements to build wheel: started
  Getting requirements to build wheel: finished with status 'done'
  Preparing metadata (pyproject.toml): started
  Preparing metadata (pyproject.toml): finished with status 'done'
Collecting httpx==0.27.2 (from -r requirements.txt (line 13))
  Using cached httpx-0.27.2-py3-none-any.whl.metadata (7.1 kB)
Collecting sqlalchemy==2.0.36 (from sqlalchemy[asyncio]==2.0.36->-r requirements.txt (line 16))
  Using cached SQLAlchemy-2.0.36-py3-none-any.whl.metadata (9.7 kB)
Collecting asyncpg==0.30.0 (from -r requirements.txt (line 17))
  Using cached asyncpg-0.30.0.tar.gz (957 kB)
  Installing build dependencies: started
  Installing build dependencies: finished with status 'done'
  Getting requirements to build wheel: started
  Getting requirements to build wheel: finished with status 'done'
  Preparing metadata (pyproject.toml): started
  Preparing metadata (pyproject.toml): finished with status 'done'
Collecting alembic==1.13.3 (from -r requirements.txt (line 18))
  Using cached alembic-1.13.3-py3-none-any.whl.metadata (7.4 kB)
Requirement already satisfied: passlib==1.7.4 in c:\users\sunny\appdata\roaming\python\python314\site-packages (from passlib[bcrypt]==1.7.4->-r requirements.txt (line 21)) (1.7.4)
Collecting bcrypt==3.2.2 (from -r requirements.txt (line 22))
  Using cached bcrypt-3.2.2-cp36-abi3-win_amd64.whl.metadata (8.3 kB)
Collecting python-jose==3.3.0 (from python-jose[cryptography]==3.3.0->-r requirements.txt (line 23))
  Using cached python_jose-3.3.0-py2.py3-none-any.whl.metadata (5.4 kB)
Collecting python-multipart==0.0.12 (from -r requirements.txt (line 24))
  Using cached python_multipart-0.0.12-py3-none-any.whl.metadata (1.9 kB)
Requirement already satisfied: slowapi==0.1.9 in c:\users\sunny\appdata\roaming\python\python314\site-packages (from -r requirements.txt (line 27)) (0.1.9)
Collecting reportlab==4.2.5 (from -r requirements.txt (line 30))
  Using cached reportlab-4.2.5-py3-none-any.whl.metadata (1.5 kB)
Collecting starlette<0.39.0,>=0.37.2 (from fastapi==0.115.0->-r requirements.txt (line 2))
  Using cached starlette-0.38.6-py3-none-any.whl.metadata (6.0 kB)
Requirement already satisfied: typing-extensions>=4.8.0 in c:\users\sunny\appdata\roaming\python\python314\site-packages (from fastapi==0.115.0->-r requirements.txt (line 2)) (4.15.0)
Requirement already satisfied: annotated-types>=0.6.0 in c:\users\sunny\appdata\roaming\python\python314\site-packages (from pydantic==2.9.2->-r requirements.txt (line 6)) (0.7.0)
Collecting pydantic-core==2.23.4 (from pydantic==2.9.2->-r requirements.txt (line 6))
  Using cached pydantic_core-2.23.4.tar.gz (402 kB)
  Installing build dependencies: started
  Installing build dependencies: finished with status 'done'
  Getting requirements to build wheel: started
  Getting requirements to build wheel: finished with status 'done'
  Installing backend dependencies: started
  Installing backend dependencies: finished with status 'done'
  Preparing metadata (pyproject.toml): started
  Preparing metadata (pyproject.toml): finished with status 'error'
  error: subprocess-exited-with-error
  
  Preparing metadata (pyproject.toml) did not run successfully.
  exit code: 1
  
  [24 lines of output]
  Python reports SOABI: cp314-win_amd64
  Computed rustc target triple: x86_64-pc-windows-msvc
  Installation directory: C:\Users\Sunny\AppData\Local\puccinialin\puccinialin\Cache
  Rustup already downloaded
  Installing rust to C:\Users\Sunny\AppData\Local\puccinialin\puccinialin\Cache\rustup
  warn: It looks like you have an existing rustup settings file at:
  warn: C:\Users\Sunny\.rustup\settings.toml
  warn: Rustup will install the default toolchain as specified in the settings file,
  warn: instead of the one inferred from the default host triple.
  warn: installing msvc toolchain without its prerequisites
  info: profile set to 'minimal'
  info: default host triple is x86_64-pc-windows-msvc
  warn: Updating existing toolchain, profile choice will be ignored
  info: syncing channel updates for 'stable-x86_64-pc-windows-msvc'
  info: default toolchain set to 'stable-x86_64-pc-windows-msvc'
  Checking if cargo is installed
  cargo 1.94.0 (85eff7c80 2026-01-15)
  
  Cargo, the Rust package manager, is not installed or is not on PATH.
  This package requires Rust and Cargo to compile extensions. Install it through
  the system's package manager or via https://rustup.rs/
  
  Checking for Rust toolchain....
  Rust not found, installing into a temporary directory
  [end of output]
  
  note: This error originates from a subprocess, and is likely not a problem with pip.

[notice] A new release of pip is available: 25.2 -> 26.0.1
[notice] To update, run: python.exe -m pip install --upgrade pip
error: metadata-generation-failed

Encountered error while generating package metadata.

See above for output.

note: This is an issue with the package mentioned above, not pip.
hint: See above for details.
