INFO:     Started server process [6236]
INFO:     Waiting for application startup.
--- Logging error ---
Traceback (most recent call last):
  File "C:\Python314\Lib\logging\__init__.py", line 1154, in emit
    stream.write(msg + self.terminator)
    ~~~~~~~~~~~~^^^^^^^^^^^^^^^^^^^^^^^
  File "C:\Python314\Lib\encodings\cp1252.py", line 19, in encode
    return codecs.charmap_encode(input,self.errors,encoding_table)[0]
           ~~~~~~~~~~~~~~~~~~~~~^^^^^^^^^^^^^^^^^^^^^^^^^^^^^^^^^^
UnicodeEncodeError: 'charmap' codec can't encode character '\U0001f680' in position 44: character maps to <undefined>
Call stack:
  File "<frozen runpy>", line 198, in _run_module_as_main
  File "<frozen runpy>", line 88, in _run_code
  File "C:\Users\Sunny\AppData\Roaming\Python\Python314\site-packages\uvicorn\__main__.py", line 4, in <module>
    uvicorn.main()
  File "C:\Users\Sunny\AppData\Roaming\Python\Python314\site-packages\click\core.py", line 1485, in __call__
    return self.main(*args, **kwargs)
  File "C:\Users\Sunny\AppData\Roaming\Python\Python314\site-packages\click\core.py", line 1406, in main
    rv = self.invoke(ctx)
  File "C:\Users\Sunny\AppData\Roaming\Python\Python314\site-packages\click\core.py", line 1269, in invoke
    return ctx.invoke(self.callback, **ctx.params)
  File "C:\Users\Sunny\AppData\Roaming\Python\Python314\site-packages\click\core.py", line 824, in invoke
    return callback(*args, **kwargs)
  File "C:\Users\Sunny\AppData\Roaming\Python\Python314\site-packages\uvicorn\main.py", line 424, in main
    run(
  File "C:\Users\Sunny\AppData\Roaming\Python\Python314\site-packages\uvicorn\main.py", line 594, in run
    server.run()
  File "C:\Users\Sunny\AppData\Roaming\Python\Python314\site-packages\uvicorn\server.py", line 67, in run
    return asyncio_run(self.serve(sockets=sockets), loop_factory=self.config.get_loop_factory())
  File "C:\Python314\Lib\asyncio\runners.py", line 204, in run
    return runner.run(main)
  File "C:\Python314\Lib\asyncio\runners.py", line 127, in run
    return self._loop.run_until_complete(task)
  File "C:\Python314\Lib\asyncio\base_events.py", line 706, in run_until_complete
    self.run_forever()
  File "C:\Python314\Lib\asyncio\base_events.py", line 677, in run_forever
    self._run_once()
  File "C:\Python314\Lib\asyncio\base_events.py", line 2046, in _run_once
    handle._run()
  File "C:\Python314\Lib\asyncio\events.py", line 94, in _run
    self._context.run(self._callback, *self._args)
  File "C:\Users\Sunny\AppData\Roaming\Python\Python314\site-packages\uvicorn\lifespan\on.py", line 86, in main
    await app(scope, self.receive, self.send)
  File "C:\Users\Sunny\AppData\Roaming\Python\Python314\site-packages\uvicorn\middleware\proxy_headers.py", line 29, in __call__
    return await self.app(scope, receive, send)
  File "C:\Users\Sunny\AppData\Roaming\Python\Python314\site-packages\fastapi\applications.py", line 1135, in __call__
    await super().__call__(scope, receive, send)
  File "C:\Users\Sunny\AppData\Roaming\Python\Python314\site-packages\starlette\applications.py", line 107, in __call__
    await self.middleware_stack(scope, receive, send)
  File "C:\Users\Sunny\AppData\Roaming\Python\Python314\site-packages\starlette\middleware\errors.py", line 151, in __call__
    await self.app(scope, receive, send)
  File "C:\Users\Sunny\AppData\Roaming\Python\Python314\site-packages\starlette\middleware\cors.py", line 77, in __call__
    await self.app(scope, receive, send)
  File "C:\Users\Sunny\AppData\Roaming\Python\Python314\site-packages\starlette\middleware\exceptions.py", line 49, in __call__
    await self.app(scope, receive, send)
  File "C:\Users\Sunny\AppData\Roaming\Python\Python314\site-packages\fastapi\middleware\asyncexitstack.py", line 18, in __call__
    await self.app(scope, receive, send)
  File "C:\Users\Sunny\AppData\Roaming\Python\Python314\site-packages\starlette\routing.py", line 716, in __call__
    await self.middleware_stack(scope, receive, send)
  File "C:\Users\Sunny\AppData\Roaming\Python\Python314\site-packages\starlette\routing.py", line 725, in app
    await self.lifespan(scope, receive, send)
  File "C:\Users\Sunny\AppData\Roaming\Python\Python314\site-packages\starlette\routing.py", line 694, in lifespan
    async with self.lifespan_context(app) as maybe_state:
  File "C:\Python314\Lib\contextlib.py", line 214, in __aenter__
    return await anext(self.gen)
  File "C:\Users\Sunny\AppData\Roaming\Python\Python314\site-packages\fastapi\routing.py", line 153, in merged_lifespan
    async with original_context(app) as maybe_original_state:
  File "C:\Python314\Lib\contextlib.py", line 214, in __aenter__
    return await anext(self.gen)
  File "C:\Users\Sunny\AppData\Roaming\Python\Python314\site-packages\fastapi\routing.py", line 153, in merged_lifespan
    async with original_context(app) as maybe_original_state:
  File "C:\Python314\Lib\contextlib.py", line 214, in __aenter__
    return await anext(self.gen)
  File "A:\Hackathon\PNB - Crypto Scanner\Backend\app\main.py", line 37, in lifespan
    logger.info("\U0001f680 Starting %s v%s", settings.APP_NAME, settings.APP_VERSION)
Message: '\U0001f680 Starting %s v%s'
Arguments: ('QuantumShield', '1.0.0')
2026-03-24 22:54:30 | INFO     | app.db.connection | Attempting to auto-start MongoDB service (Windows)...
2026-03-24 22:54:30 | INFO     | app.db.connection | Connecting to MongoDB at mongodb://localhost:27017 ...
--- Logging error ---
Traceback (most recent call last):
  File "A:\Hackathon\PNB - Crypto Scanner\Backend\app\db\connection.py", line 72, in connect_db
    await _client.admin.command("ping")
  File "C:\Python314\Lib\concurrent\futures\thread.py", line 86, in run
    result = ctx.run(self.task)
  File "C:\Python314\Lib\concurrent\futures\thread.py", line 73, in run
    return fn(*args, **kwargs)
  File "C:\Users\Sunny\AppData\Roaming\Python\Python314\site-packages\pymongo\_csot.py", line 125, in csot_wrapper
    return func(self, *args, **kwargs)
  File "C:\Users\Sunny\AppData\Roaming\Python\Python314\site-packages\pymongo\synchronous\database.py", line 934, in command
    with self._client._conn_for_reads(read_preference, session, operation=command_name) as (
         ~~~~~~~~~~~~~~~~~~~~~~~~~~~~^^^^^^^^^^^^^^^^^^^^^^^^^^^^^^^^^^^^^^^^^^^^^^^^^^
  File "C:\Users\Sunny\AppData\Roaming\Python\Python314\site-packages\pymongo\synchronous\mongo_client.py", line 1885, in _conn_for_reads
    server = self._select_server(read_preference, session, operation)
  File "C:\Users\Sunny\AppData\Roaming\Python\Python314\site-packages\pymongo\synchronous\mongo_client.py", line 1833, in _select_server
    server = topology.select_server(
        server_selector,
    ...<2 lines>...
        operation_id=operation_id,
    )
  File "C:\Users\Sunny\AppData\Roaming\Python\Python314\site-packages\pymongo\synchronous\topology.py", line 428, in select_server
    server = self._select_server(
        selector,
    ...<4 lines>...
        operation_id=operation_id,
    )
  File "C:\Users\Sunny\AppData\Roaming\Python\Python314\site-packages\pymongo\synchronous\topology.py", line 402, in _select_server
    servers = self.select_servers(
        selector,
    ...<4 lines>...
        deprioritized_servers,
    )
  File "C:\Users\Sunny\AppData\Roaming\Python\Python314\site-packages\pymongo\synchronous\topology.py", line 298, in select_servers
    server_descriptions = self._select_servers_loop(
        selector,
    ...<4 lines>...
        deprioritized_servers=deprioritized_servers,
    )
  File "C:\Users\Sunny\AppData\Roaming\Python\Python314\site-packages\pymongo\synchronous\topology.py", line 359, in _select_servers_loop
    raise ServerSelectionTimeoutError(
        f"{self._error_message(selector)}, Timeout: {timeout}s, Topology Description: {self.description!r}"
    )
pymongo.errors.ServerSelectionTimeoutError: localhost:27017: [WinError 10061] No connection could be made because the target machine actively refused it (configured timeouts: socketTimeoutMS: 20000.0ms, connectTimeoutMS: 20000.0ms), Timeout: 5.0s, Topology Description: <TopologyDescription id: 69c2c8ceae9ab3e03d86b4ae, topology_type: Unknown, servers: [<ServerDescription ('localhost', 27017) server_type: Unknown, rtt: None, error=AutoReconnect('localhost:27017: [WinError 10061] No connection could be made because the target machine actively refused it (configured timeouts: socketTimeoutMS: 20000.0ms, connectTimeoutMS: 20000.0ms)')>]>

During handling of the above exception, another exception occurred:

Traceback (most recent call last):
  File "C:\Python314\Lib\logging\__init__.py", line 1154, in emit
    stream.write(msg + self.terminator)
    ~~~~~~~~~~~~^^^^^^^^^^^^^^^^^^^^^^^
  File "C:\Python314\Lib\encodings\cp1252.py", line 19, in encode
    return codecs.charmap_encode(input,self.errors,encoding_table)[0]
           ~~~~~~~~~~~~~~~~~~~~~^^^^^^^^^^^^^^^^^^^^^^^^^^^^^^^^^^
UnicodeEncodeError: 'charmap' codec can't encode characters in position 53-54: character maps to <undefined>
Call stack:
  File "<frozen runpy>", line 198, in _run_module_as_main
  File "<frozen runpy>", line 88, in _run_code
  File "C:\Users\Sunny\AppData\Roaming\Python\Python314\site-packages\uvicorn\__main__.py", line 4, in <module>
    uvicorn.main()
  File "C:\Users\Sunny\AppData\Roaming\Python\Python314\site-packages\click\core.py", line 1485, in __call__
    return self.main(*args, **kwargs)
  File "C:\Users\Sunny\AppData\Roaming\Python\Python314\site-packages\click\core.py", line 1406, in main
    rv = self.invoke(ctx)
  File "C:\Users\Sunny\AppData\Roaming\Python\Python314\site-packages\click\core.py", line 1269, in invoke
    return ctx.invoke(self.callback, **ctx.params)
  File "C:\Users\Sunny\AppData\Roaming\Python\Python314\site-packages\click\core.py", line 824, in invoke
    return callback(*args, **kwargs)
  File "C:\Users\Sunny\AppData\Roaming\Python\Python314\site-packages\uvicorn\main.py", line 424, in main
    run(
  File "C:\Users\Sunny\AppData\Roaming\Python\Python314\site-packages\uvicorn\main.py", line 594, in run
    server.run()
  File "C:\Users\Sunny\AppData\Roaming\Python\Python314\site-packages\uvicorn\server.py", line 67, in run
    return asyncio_run(self.serve(sockets=sockets), loop_factory=self.config.get_loop_factory())
  File "C:\Python314\Lib\asyncio\runners.py", line 204, in run
    return runner.run(main)
  File "C:\Python314\Lib\asyncio\runners.py", line 127, in run
    return self._loop.run_until_complete(task)
  File "C:\Python314\Lib\asyncio\base_events.py", line 706, in run_until_complete
    self.run_forever()
  File "C:\Python314\Lib\asyncio\base_events.py", line 677, in run_forever
    self._run_once()
  File "C:\Python314\Lib\asyncio\base_events.py", line 2046, in _run_once
    handle._run()
  File "C:\Python314\Lib\asyncio\events.py", line 94, in _run
    self._context.run(self._callback, *self._args)
  File "C:\Users\Sunny\AppData\Roaming\Python\Python314\site-packages\uvicorn\lifespan\on.py", line 86, in main
    await app(scope, self.receive, self.send)
  File "C:\Users\Sunny\AppData\Roaming\Python\Python314\site-packages\uvicorn\middleware\proxy_headers.py", line 29, in __call__
    return await self.app(scope, receive, send)
  File "C:\Users\Sunny\AppData\Roaming\Python\Python314\site-packages\fastapi\applications.py", line 1135, in __call__
    await super().__call__(scope, receive, send)
  File "C:\Users\Sunny\AppData\Roaming\Python\Python314\site-packages\starlette\applications.py", line 107, in __call__
    await self.middleware_stack(scope, receive, send)
  File "C:\Users\Sunny\AppData\Roaming\Python\Python314\site-packages\starlette\middleware\errors.py", line 151, in __call__
    await self.app(scope, receive, send)
  File "C:\Users\Sunny\AppData\Roaming\Python\Python314\site-packages\starlette\middleware\cors.py", line 77, in __call__
    await self.app(scope, receive, send)
  File "C:\Users\Sunny\AppData\Roaming\Python\Python314\site-packages\starlette\middleware\exceptions.py", line 49, in __call__
    await self.app(scope, receive, send)
  File "C:\Users\Sunny\AppData\Roaming\Python\Python314\site-packages\fastapi\middleware\asyncexitstack.py", line 18, in __call__
    await self.app(scope, receive, send)
  File "C:\Users\Sunny\AppData\Roaming\Python\Python314\site-packages\starlette\routing.py", line 716, in __call__
    await self.middleware_stack(scope, receive, send)
  File "C:\Users\Sunny\AppData\Roaming\Python\Python314\site-packages\starlette\routing.py", line 725, in app
    await self.lifespan(scope, receive, send)
  File "C:\Users\Sunny\AppData\Roaming\Python\Python314\site-packages\starlette\routing.py", line 694, in lifespan
    async with self.lifespan_context(app) as maybe_state:
  File "C:\Python314\Lib\contextlib.py", line 214, in __aenter__
    return await anext(self.gen)
  File "C:\Users\Sunny\AppData\Roaming\Python\Python314\site-packages\fastapi\routing.py", line 153, in merged_lifespan
    async with original_context(app) as maybe_original_state:
  File "C:\Python314\Lib\contextlib.py", line 214, in __aenter__
    return await anext(self.gen)
  File "C:\Users\Sunny\AppData\Roaming\Python\Python314\site-packages\fastapi\routing.py", line 153, in merged_lifespan
    async with original_context(app) as maybe_original_state:
  File "C:\Python314\Lib\contextlib.py", line 214, in __aenter__
    return await anext(self.gen)
  File "A:\Hackathon\PNB - Crypto Scanner\Backend\app\main.py", line 40, in lifespan
    await connect_db()
  File "A:\Hackathon\PNB - Crypto Scanner\Backend\app\db\connection.py", line 75, in connect_db
    logger.warning("\u26a0\ufe0f  MongoDB unavailable (%s). App will start but scan storage will fail.", exc)
Message: '\u26a0\ufe0f  MongoDB unavailable (%s). App will start but scan storage will fail.'
Arguments: (ServerSelectionTimeoutError("localhost:27017: [WinError 10061] No connection could be made because the target machine actively refused it (configured timeouts: socketTimeoutMS: 20000.0ms, connectTimeoutMS: 20000.0ms), Timeout: 5.0s, Topology Description: <TopologyDescription id: 69c2c8ceae9ab3e03d86b4ae, topology_type: Unknown, servers: [<ServerDescription ('localhost', 27017) server_type: Unknown, rtt: None, error=AutoReconnect('localhost:27017: [WinError 10061] No connection could be made because the target machine actively refused it (configured timeouts: socketTimeoutMS: 20000.0ms, connectTimeoutMS: 20000.0ms)')>]>"),)
INFO:     Application startup complete.
INFO:     Uvicorn running on http://0.0.0.0:8000 (Press CTRL+C to quit)
INFO:     127.0.0.1:59373 - "WebSocket /ws/scan/pending..." [accepted]
2026-03-24 22:56:28 | INFO     | app.api.v1.ws | WS client connected for scan: pending...
ERROR:    Exception in ASGI application
Traceback (most recent call last):
  File "C:\Users\Sunny\AppData\Roaming\Python\Python314\site-packages\uvicorn\protocols\websockets\websockets_impl.py", line 244, in run_asgi
    result = await self.app(self.scope, self.asgi_receive, self.asgi_send)  # type: ignore[func-returns-value]
             ^^^^^^^^^^^^^^^^^^^^^^^^^^^^^^^^^^^^^^^^^^^^^^^^^^^^^^^^^^^^^
  File "C:\Users\Sunny\AppData\Roaming\Python\Python314\site-packages\uvicorn\middleware\proxy_headers.py", line 60, in __call__
    return await self.app(scope, receive, send)
           ^^^^^^^^^^^^^^^^^^^^^^^^^^^^^^^^^^^^
  File "C:\Users\Sunny\AppData\Roaming\Python\Python314\site-packages\fastapi\applications.py", line 1135, in __call__
    await super().__call__(scope, receive, send)
  File "C:\Users\Sunny\AppData\Roaming\Python\Python314\site-packages\starlette\applications.py", line 107, in __call__
    await self.middleware_stack(scope, receive, send)
  File "C:\Users\Sunny\AppData\Roaming\Python\Python314\site-packages\starlette\middleware\errors.py", line 151, in __call__
    await self.app(scope, receive, send)
  File "C:\Users\Sunny\AppData\Roaming\Python\Python314\site-packages\starlette\middleware\cors.py", line 77, in __call__
    await self.app(scope, receive, send)
  File "C:\Users\Sunny\AppData\Roaming\Python\Python314\site-packages\starlette\middleware\exceptions.py", line 63, in __call__
    await wrap_app_handling_exceptions(self.app, conn)(scope, receive, send)
  File "C:\Users\Sunny\AppData\Roaming\Python\Python314\site-packages\starlette\_exception_handler.py", line 53, in wrapped_app
    raise exc
  File "C:\Users\Sunny\AppData\Roaming\Python\Python314\site-packages\starlette\_exception_handler.py", line 42, in wrapped_app
    await app(scope, receive, sender)
  File "C:\Users\Sunny\AppData\Roaming\Python\Python314\site-packages\fastapi\middleware\asyncexitstack.py", line 18, in __call__
    await self.app(scope, receive, send)
  File "C:\Users\Sunny\AppData\Roaming\Python\Python314\site-packages\starlette\routing.py", line 716, in __call__
    await self.middleware_stack(scope, receive, send)
  File "C:\Users\Sunny\AppData\Roaming\Python\Python314\site-packages\starlette\routing.py", line 736, in app
    await route.handle(scope, receive, send)
  File "C:\Users\Sunny\AppData\Roaming\Python\Python314\site-packages\starlette\routing.py", line 364, in handle
    await self.app(scope, receive, send)
  File "C:\Users\Sunny\AppData\Roaming\Python\Python314\site-packages\fastapi\routing.py", line 141, in app
    await wrap_app_handling_exceptions(app, session)(scope, receive, send)
  File "C:\Users\Sunny\AppData\Roaming\Python\Python314\site-packages\starlette\_exception_handler.py", line 53, in wrapped_app
    raise exc
  File "C:\Users\Sunny\AppData\Roaming\Python\Python314\site-packages\starlette\_exception_handler.py", line 42, in wrapped_app
    await app(scope, receive, sender)
  File "C:\Users\Sunny\AppData\Roaming\Python\Python314\site-packages\fastapi\routing.py", line 138, in app
    await func(session)
  File "C:\Users\Sunny\AppData\Roaming\Python\Python314\site-packages\fastapi\routing.py", line 438, in app
    await dependant.call(**solved_result.values)
  File "A:\Hackathon\PNB - Crypto Scanner\Backend\app\api\v1\ws.py", line 42, in websocket_endpoint
    db = get_database()
  File "A:\Hackathon\PNB - Crypto Scanner\Backend\app\db\connection.py", line 93, in get_database
    raise RuntimeError("Database not initialised ù call connect_db() first.")
RuntimeError: Database not initialised ù call connect_db() first.
INFO:     connection open
INFO:     connection closed
INFO:     127.0.0.1:54660 - "GET /api/v1/assets/distribution HTTP/1.1" 200 OK
